<?xml version="1.0" encoding="UTF-8"?>
<testsuite xmlns:xsi="http://www.w3.org/2001/XMLSchema-instance" xsi:noNamespaceSchemaLocation="https://maven.apache.org/surefire/maven-surefire-plugin/xsd/surefire-test-report.xsd" name="EnhancedClientTest" time="22.96" tests="8" errors="0" skipped="0" failures="0">
  <properties>
    <property name="java.specification.version" value="17"/>
    <property name="sun.cpu.isalist" value="amd64"/>
    <property name="sun.jnu.encoding" value="Cp1252"/>
    <property name="java.class.path" value="C:\Users\user\Desktop\projects\aws-doc-sdk-examples\javav2\example_code\dynamodb\target\test-classes;C:\Users\user\Desktop\projects\aws-doc-sdk-examples\javav2\example_code\dynamodb\target\classes;C:\Users\user\.m2\repository\software\amazon\awssdk\dynamodb-enhanced\2.11.4-PREVIEW\dynamodb-enhanced-2.11.4-PREVIEW.jar;C:\Users\user\.m2\repository\software\amazon\awssdk\aws-core\2.17.46\aws-core-2.17.46.jar;C:\Users\user\.m2\repository\software\amazon\eventstream\eventstream\1.0.1\eventstream-1.0.1.jar;C:\Users\user\.m2\repository\software\amazon\awssdk\http-client-spi\2.17.46\http-client-spi-2.17.46.jar;C:\Users\user\.m2\repository\org\reactivestreams\reactive-streams\1.0.3\reactive-streams-1.0.3.jar;C:\Users\user\.m2\repository\software\amazon\awssdk\sdk-core\2.17.46\sdk-core-2.17.46.jar;C:\Users\user\.m2\repository\software\amazon\awssdk\auth\2.17.46\auth-2.17.46.jar;C:\Users\user\.m2\repository\software\amazon\awssdk\json-utils\2.17.46\json-utils-2.17.46.jar;C:\Users\user\.m2\repository\software\amazon\awssdk\regions\2.17.46\regions-2.17.46.jar;C:\Users\user\.m2\repository\software\amazon\awssdk\annotations\2.17.46\annotations-2.17.46.jar;C:\Users\user\.m2\repository\software\amazon\awssdk\utils\2.17.46\utils-2.17.46.jar;C:\Users\user\.m2\repository\org\junit\jupiter\junit-jupiter-api\5.4.2\junit-jupiter-api-5.4.2.jar;C:\Users\user\.m2\repository\org\apiguardian\apiguardian-api\1.0.0\apiguardian-api-1.0.0.jar;C:\Users\user\.m2\repository\org\opentest4j\opentest4j\1.1.1\opentest4j-1.1.1.jar;C:\Users\user\.m2\repository\software\amazon\awssdk\kms\2.17.46\kms-2.17.46.jar;C:\Users\user\.m2\repository\software\amazon\awssdk\aws-json-protocol\2.17.46\aws-json-protocol-2.17.46.jar;C:\Users\user\.m2\repository\software\amazon\awssdk\third-party-jackson-core\2.17.46\third-party-jackson-core-2.17.46.jar;C:\Users\user\.m2\repository\software\amazon\awssdk\protocol-core\2.17.46\protocol-core-2.17.46.jar;C:\Users\user\.m2\repository\software\amazon\awssdk\metrics-spi\2.17.46\metrics-spi-2.17.46.jar;C:\Users\user\.m2\repository\software\amazon\awssdk\apache-client\2.17.46\apache-client-2.17.46.jar;C:\Users\user\.m2\repository\org\apache\httpcomponents\httpclient\4.5.13\httpclient-4.5.13.jar;C:\Users\user\.m2\repository\commons-logging\commons-logging\1.2\commons-logging-1.2.jar;C:\Users\user\.m2\repository\commons-codec\commons-codec\1.11\commons-codec-1.11.jar;C:\Users\user\.m2\repository\org\apache\httpcomponents\httpcore\4.4.11\httpcore-4.4.11.jar;C:\Users\user\.m2\repository\software\amazon\awssdk\netty-nio-client\2.17.46\netty-nio-client-2.17.46.jar;C:\Users\user\.m2\repository\io\netty\netty-codec-http\4.1.68.Final\netty-codec-http-4.1.68.Final.jar;C:\Users\user\.m2\repository\io\netty\netty-codec-http2\4.1.68.Final\netty-codec-http2-4.1.68.Final.jar;C:\Users\user\.m2\repository\io\netty\netty-codec\4.1.68.Final\netty-codec-4.1.68.Final.jar;C:\Users\user\.m2\repository\io\netty\netty-transport\4.1.68.Final\netty-transport-4.1.68.Final.jar;C:\Users\user\.m2\repository\io\netty\netty-resolver\4.1.68.Final\netty-resolver-4.1.68.Final.jar;C:\Users\user\.m2\repository\io\netty\netty-common\4.1.68.Final\netty-common-4.1.68.Final.jar;C:\Users\user\.m2\repository\io\netty\netty-buffer\4.1.68.Final\netty-buffer-4.1.68.Final.jar;C:\Users\user\.m2\repository\io\netty\netty-handler\4.1.68.Final\netty-handler-4.1.68.Final.jar;C:\Users\user\.m2\repository\io\netty\netty-transport-native-epoll\4.1.68.Final\netty-transport-native-epoll-4.1.68.Final-linux-x86_64.jar;C:\Users\user\.m2\repository\io\netty\netty-transport-native-unix-common\4.1.68.Final\netty-transport-native-unix-common-4.1.68.Final.jar;C:\Users\user\.m2\repository\com\typesafe\netty\netty-reactive-streams-http\2.0.5\netty-reactive-streams-http-2.0.5.jar;C:\Users\user\.m2\repository\com\typesafe\netty\netty-reactive-streams\2.0.5\netty-reactive-streams-2.0.5.jar;C:\Users\user\.m2\repository\org\junit\jupiter\junit-jupiter-engine\5.4.2\junit-jupiter-engine-5.4.2.jar;C:\Users\user\.m2\repository\org\junit\platform\junit-platform-engine\1.4.2\junit-platform-engine-1.4.2.jar;C:\Users\user\.m2\repository\org\junit\platform\junit-platform-commons\1.4.0\junit-platform-commons-1.4.0.jar;C:\Users\user\.m2\repository\org\junit\platform\junit-platform-launcher\1.4.0\junit-platform-launcher-1.4.0.jar;C:\Users\user\.m2\repository\org\slf4j\slf4j-log4j12\1.7.25\slf4j-log4j12-1.7.25.jar;C:\Users\user\.m2\repository\org\slf4j\slf4j-api\1.7.25\slf4j-api-1.7.25.jar;C:\Users\user\.m2\repository\log4j\log4j\1.2.17\log4j-1.2.17.jar;C:\Users\user\.m2\repository\software\amazon\awssdk\dynamodb\2.17.46\dynamodb-2.17.46.jar;C:\Users\user\.m2\repository\software\amazon\awssdk\profiles\2.17.46\profiles-2.17.46.jar;"/>
    <property name="java.vm.vendor" value="Oracle Corporation"/>
    <property name="sun.arch.data.model" value="64"/>
    <property name="user.variant" value=""/>
    <property name="java.vendor.url" value="https://java.oracle.com/"/>
    <property name="user.timezone" value="Asia/Calcutta"/>
    <property name="os.name" value="Windows 10"/>
    <property name="java.vm.specification.version" value="17"/>
    <property name="sun.java.launcher" value="SUN_STANDARD"/>
    <property name="user.country" value="IN"/>
    <property name="sun.boot.library.path" value="C:\Program Files\Java\jdk-17.0.1\bin"/>
    <property name="sun.java.command" value="C:\Users\user\AppData\Local\Temp\surefire2682227480055223416\surefirebooter10345872911590831492.jar C:\Users\user\AppData\Local\Temp\surefire2682227480055223416 2021-12-10T09-39-26_711-jvmRun1 surefire1279763661730063361tmp surefire_013031630705823209884tmp"/>
    <property name="jdk.debug" value="release"/>
    <property name="surefire.test.class.path" value="C:\Users\user\Desktop\projects\aws-doc-sdk-examples\javav2\example_code\dynamodb\target\test-classes;C:\Users\user\Desktop\projects\aws-doc-sdk-examples\javav2\example_code\dynamodb\target\classes;C:\Users\user\.m2\repository\software\amazon\awssdk\dynamodb-enhanced\2.11.4-PREVIEW\dynamodb-enhanced-2.11.4-PREVIEW.jar;C:\Users\user\.m2\repository\software\amazon\awssdk\aws-core\2.17.46\aws-core-2.17.46.jar;C:\Users\user\.m2\repository\software\amazon\eventstream\eventstream\1.0.1\eventstream-1.0.1.jar;C:\Users\user\.m2\repository\software\amazon\awssdk\http-client-spi\2.17.46\http-client-spi-2.17.46.jar;C:\Users\user\.m2\repository\org\reactivestreams\reactive-streams\1.0.3\reactive-streams-1.0.3.jar;C:\Users\user\.m2\repository\software\amazon\awssdk\sdk-core\2.17.46\sdk-core-2.17.46.jar;C:\Users\user\.m2\repository\software\amazon\awssdk\auth\2.17.46\auth-2.17.46.jar;C:\Users\user\.m2\repository\software\amazon\awssdk\json-utils\2.17.46\json-utils-2.17.46.jar;C:\Users\user\.m2\repository\software\amazon\awssdk\regions\2.17.46\regions-2.17.46.jar;C:\Users\user\.m2\repository\software\amazon\awssdk\annotations\2.17.46\annotations-2.17.46.jar;C:\Users\user\.m2\repository\software\amazon\awssdk\utils\2.17.46\utils-2.17.46.jar;C:\Users\user\.m2\repository\org\junit\jupiter\junit-jupiter-api\5.4.2\junit-jupiter-api-5.4.2.jar;C:\Users\user\.m2\repository\org\apiguardian\apiguardian-api\1.0.0\apiguardian-api-1.0.0.jar;C:\Users\user\.m2\repository\org\opentest4j\opentest4j\1.1.1\opentest4j-1.1.1.jar;C:\Users\user\.m2\repository\software\amazon\awssdk\kms\2.17.46\kms-2.17.46.jar;C:\Users\user\.m2\repository\software\amazon\awssdk\aws-json-protocol\2.17.46\aws-json-protocol-2.17.46.jar;C:\Users\user\.m2\repository\software\amazon\awssdk\third-party-jackson-core\2.17.46\third-party-jackson-core-2.17.46.jar;C:\Users\user\.m2\repository\software\amazon\awssdk\protocol-core\2.17.46\protocol-core-2.17.46.jar;C:\Users\user\.m2\repository\software\amazon\awssdk\metrics-spi\2.17.46\metrics-spi-2.17.46.jar;C:\Users\user\.m2\repository\software\amazon\awssdk\apache-client\2.17.46\apache-client-2.17.46.jar;C:\Users\user\.m2\repository\org\apache\httpcomponents\httpclient\4.5.13\httpclient-4.5.13.jar;C:\Users\user\.m2\repository\commons-logging\commons-logging\1.2\commons-logging-1.2.jar;C:\Users\user\.m2\repository\commons-codec\commons-codec\1.11\commons-codec-1.11.jar;C:\Users\user\.m2\repository\org\apache\httpcomponents\httpcore\4.4.11\httpcore-4.4.11.jar;C:\Users\user\.m2\repository\software\amazon\awssdk\netty-nio-client\2.17.46\netty-nio-client-2.17.46.jar;C:\Users\user\.m2\repository\io\netty\netty-codec-http\4.1.68.Final\netty-codec-http-4.1.68.Final.jar;C:\Users\user\.m2\repository\io\netty\netty-codec-http2\4.1.68.Final\netty-codec-http2-4.1.68.Final.jar;C:\Users\user\.m2\repository\io\netty\netty-codec\4.1.68.Final\netty-codec-4.1.68.Final.jar;C:\Users\user\.m2\repository\io\netty\netty-transport\4.1.68.Final\netty-transport-4.1.68.Final.jar;C:\Users\user\.m2\repository\io\netty\netty-resolver\4.1.68.Final\netty-resolver-4.1.68.Final.jar;C:\Users\user\.m2\repository\io\netty\netty-common\4.1.68.Final\netty-common-4.1.68.Final.jar;C:\Users\user\.m2\repository\io\netty\netty-buffer\4.1.68.Final\netty-buffer-4.1.68.Final.jar;C:\Users\user\.m2\repository\io\netty\netty-handler\4.1.68.Final\netty-handler-4.1.68.Final.jar;C:\Users\user\.m2\repository\io\netty\netty-transport-native-epoll\4.1.68.Final\netty-transport-native-epoll-4.1.68.Final-linux-x86_64.jar;C:\Users\user\.m2\repository\io\netty\netty-transport-native-unix-common\4.1.68.Final\netty-transport-native-unix-common-4.1.68.Final.jar;C:\Users\user\.m2\repository\com\typesafe\netty\netty-reactive-streams-http\2.0.5\netty-reactive-streams-http-2.0.5.jar;C:\Users\user\.m2\repository\com\typesafe\netty\netty-reactive-streams\2.0.5\netty-reactive-streams-2.0.5.jar;C:\Users\user\.m2\repository\org\junit\jupiter\junit-jupiter-engine\5.4.2\junit-jupiter-engine-5.4.2.jar;C:\Users\user\.m2\repository\org\junit\platform\junit-platform-engine\1.4.2\junit-platform-engine-1.4.2.jar;C:\Users\user\.m2\repository\org\junit\platform\junit-platform-commons\1.4.0\junit-platform-commons-1.4.0.jar;C:\Users\user\.m2\repository\org\junit\platform\junit-platform-launcher\1.4.0\junit-platform-launcher-1.4.0.jar;C:\Users\user\.m2\repository\org\slf4j\slf4j-log4j12\1.7.25\slf4j-log4j12-1.7.25.jar;C:\Users\user\.m2\repository\org\slf4j\slf4j-api\1.7.25\slf4j-api-1.7.25.jar;C:\Users\user\.m2\repository\log4j\log4j\1.2.17\log4j-1.2.17.jar;C:\Users\user\.m2\repository\software\amazon\awssdk\dynamodb\2.17.46\dynamodb-2.17.46.jar;C:\Users\user\.m2\repository\software\amazon\awssdk\profiles\2.17.46\profiles-2.17.46.jar;"/>
    <property name="sun.cpu.endian" value="little"/>
    <property name="user.home" value="C:\Users\user"/>
    <property name="user.language" value="en"/>
    <property name="java.specification.vendor" value="Oracle Corporation"/>
    <property name="java.version.date" value="2021-10-19"/>
    <property name="java.home" value="C:\Program Files\Java\jdk-17.0.1"/>
    <property name="file.separator" value="\"/>
    <property name="basedir" value="C:\Users\user\Desktop\projects\aws-doc-sdk-examples\javav2\example_code\dynamodb"/>
    <property name="java.vm.compressedOopsMode" value="Zero based"/>
    <property name="line.separator" value="&#10;"/>
    <property name="java.vm.specification.vendor" value="Oracle Corporation"/>
    <property name="java.specification.name" value="Java Platform API Specification"/>
    <property name="surefire.real.class.path" value="C:\Users\user\AppData\Local\Temp\surefire2682227480055223416\surefirebooter10345872911590831492.jar"/>
    <property name="user.script" value=""/>
    <property name="sun.management.compiler" value="HotSpot 64-Bit Tiered Compilers"/>
    <property name="java.runtime.version" value="17.0.1+12-LTS-39"/>
    <property name="user.name" value="user"/>
    <property name="path.separator" value=";"/>
    <property name="os.version" value="10.0"/>
    <property name="java.runtime.name" value="Java(TM) SE Runtime Environment"/>
    <property name="file.encoding" value="Cp1252"/>
    <property name="java.vm.name" value="Java HotSpot(TM) 64-Bit Server VM"/>
    <property name="localRepository" value="C:\Users\user\.m2\repository"/>
    <property name="java.vendor.url.bug" value="https://bugreport.java.com/bugreport/"/>
    <property name="java.io.tmpdir" value="C:\Users\user\AppData\Local\Temp\"/>
    <property name="java.version" value="17.0.1"/>
    <property name="user.dir" value="C:\Users\user\Desktop\projects\aws-doc-sdk-examples\javav2\example_code\dynamodb"/>
    <property name="os.arch" value="amd64"/>
    <property name="java.vm.specification.name" value="Java Virtual Machine Specification"/>
    <property name="sun.os.patch.level" value=""/>
    <property name="native.encoding" value="Cp1252"/>
    <property name="java.library.path" value="C:\Program Files\Java\jdk-17.0.1\bin;C:\Windows\Sun\Java\bin;C:\Windows\system32;C:\Windows;C:\Users\user\AppData\Local\cloud-code\installer\google-cloud-sdk\bin;C:\Program Files\Common Files\Oracle\Java\javapath;C:\Python310\Scripts\;C:\Python310\;C:\Program Files (x86)\Microsoft SDKs\Azure\CLI2\wbin;C:\Windows\system32;C:\Windows;C:\Windows\System32\Wbem;C:\Windows\System32\WindowsPowerShell\v1.0\;C:\Windows\System32\OpenSSH\;C:\Program Files\Amazon\AWSCLIV2\;C:\Program Files\Microsoft SQL Server\Client SDK\ODBC\170\Tools\Binn\;C:\Program Files (x86)\Microsoft SQL Server\150\Tools\Binn\;C:\Program Files\Microsoft SQL Server\150\Tools\Binn\;C:\Program Files\Microsoft SQL Server\150\DTS\Binn\;C:\Program Files\dotnet\;C:\Program Files\Microsoft SQL Server\130\Tools\Binn\;C:\Program Files (x86)\Microsoft SQL Server\150\DTS\Binn\;C:\Program Files\Azure Data Studio\bin;C:\Program Files\Git\cmd;C:\Program Files (x86)\Google\Cloud SDK\google-cloud-sdk\bin;C:\Program Files\nodejs\;C:\ProgramData\chocolatey\bin;;C:\Program Files\Docker\Docker\resources\bin;C:\ProgramData\DockerDesktop\version-bin;C:\Users\user\AppData\Local\Microsoft\WindowsApps;C:\Users\user\AppData\Local\Programs\Microsoft VS Code\bin;C:\Users\user\.dotnet\tools;C:\Program Files\Azure Data Studio\bin;C:\Users\user\AppData\Roaming\npm;C:\Program Files\Java\jdk-17.0.1\bin;C:\Program Files\apache-maven-3.8.3\bin;C:\Users\user\kubectl.exe;;."/>
    <property name="java.vm.info" value="mixed mode, sharing"/>
    <property name="java.vendor" value="Oracle Corporation"/>
    <property name="java.vm.version" value="17.0.1+12-LTS-39"/>
    <property name="sun.io.unicode.encoding" value="UnicodeLittle"/>
    <property name="java.class.version" value="61.0"/>
  </properties>
  <testcase name="whenInitializingEnhancedClient_thenNotNull" classname="EnhancedClientTest" time="0.001"/>
  <testcase name="CreateTable" classname="EnhancedClientTest" time="21.373"/>
  <testcase name="PutItem" classname="EnhancedClientTest" time="0.355"/>
  <testcase name="PutBatchItems" classname="EnhancedClientTest" time="0.273"/>
  <testcase name="GetItem" classname="EnhancedClientTest" time="0.232"/>
  <testcase name="QueryRecords" classname="EnhancedClientTest" time="0.24"/>
  <testcase name="ScanRecords" classname="EnhancedClientTest" time="0.238"/>
  <testcase name="DeleteTable" classname="EnhancedClientTest" time="0.24"/>
</testsuite>